<?xml version="1.0" encoding="UTF-8"?>
<testsuite xmlns:xsi="http://www.w3.org/2001/XMLSchema-instance" xsi:noNamespaceSchemaLocation="https://maven.apache.org/surefire/maven-surefire-plugin/xsd/surefire-test-report-3.0.xsd" version="3.0" name="model.BorrowTest" time="0.001" tests="4" errors="0" skipped="0" failures="0">
  <properties>
    <property name="java.specification.version" value="23"/>
    <property name="sun.cpu.isalist" value="amd64"/>
    <property name="sun.jnu.encoding" value="Cp1252"/>
    <property name="java.class.path" value="d:\MyWorks\codingRepos\LibaryManagerment_OOP_JavaFX_project\target\test-classes;d:\MyWorks\codingRepos\LibaryManagerment_OOP_JavaFX_project\target\classes;C:\Users\ttk08\.m2\repository\com\google\zxing\core\3.5.3\core-3.5.3.jar;C:\Users\ttk08\.m2\repository\com\google\zxing\javase\3.5.3\javase-3.5.3.jar;C:\Users\ttk08\.m2\repository\com\beust\jcommander\1.82\jcommander-1.82.jar;C:\Users\ttk08\.m2\repository\com\github\jai-imageio\jai-imageio-core\1.4.0\jai-imageio-core-1.4.0.jar;C:\Users\ttk08\.m2\repository\org\openjfx\javafx-swing\17.0.1\javafx-swing-17.0.1.jar;C:\Users\ttk08\.m2\repository\org\openjfx\javafx-swing\17.0.1\javafx-swing-17.0.1-win.jar;C:\Users\ttk08\.m2\repository\org\openjfx\javafx-graphics\17.0.1\javafx-graphics-17.0.1.jar;C:\Users\ttk08\.m2\repository\org\openjfx\javafx-graphics\17.0.1\javafx-graphics-17.0.1-win.jar;C:\Users\ttk08\.m2\repository\org\openjfx\javafx-base\17.0.1\javafx-base-17.0.1.jar;C:\Users\ttk08\.m2\repository\org\openjfx\javafx-base\17.0.1\javafx-base-17.0.1-win.jar;C:\Users\ttk08\.m2\repository\org\bytedeco\javacv-platform\1.5.11\javacv-platform-1.5.11.jar;C:\Users\ttk08\.m2\repository\org\bytedeco\javacv\1.5.11\javacv-1.5.11.jar;C:\Users\ttk08\.m2\repository\org\bytedeco\javacpp\1.5.11\javacpp-1.5.11.jar;C:\Users\ttk08\.m2\repository\org\bytedeco\openblas\0.3.28-1.5.11\openblas-0.3.28-1.5.11.jar;C:\Users\ttk08\.m2\repository\org\bytedeco\opencv\4.10.0-1.5.11\opencv-4.10.0-1.5.11.jar;C:\Users\ttk08\.m2\repository\org\bytedeco\ffmpeg\7.1-1.5.11\ffmpeg-7.1-1.5.11.jar;C:\Users\ttk08\.m2\repository\org\bytedeco\flycapture\2.13.3.31-1.5.9\flycapture-2.13.3.31-1.5.9.jar;C:\Users\ttk08\.m2\repository\org\bytedeco\libdc1394\2.2.6-1.5.9\libdc1394-2.2.6-1.5.9.jar;C:\Users\ttk08\.m2\repository\org\bytedeco\libfreenect\0.5.7-1.5.9\libfreenect-0.5.7-1.5.9.jar;C:\Users\ttk08\.m2\repository\org\bytedeco\libfreenect2\0.2.0-1.5.9\libfreenect2-0.2.0-1.5.9.jar;C:\Users\ttk08\.m2\repository\org\bytedeco\librealsense\1.12.4-1.5.9\librealsense-1.12.4-1.5.9.jar;C:\Users\ttk08\.m2\repository\org\bytedeco\librealsense2\2.53.1-1.5.9\librealsense2-2.53.1-1.5.9.jar;C:\Users\ttk08\.m2\repository\org\bytedeco\videoinput\0.200-1.5.9\videoinput-0.200-1.5.9.jar;C:\Users\ttk08\.m2\repository\org\bytedeco\artoolkitplus\2.3.1-1.5.9\artoolkitplus-2.3.1-1.5.9.jar;C:\Users\ttk08\.m2\repository\org\bytedeco\leptonica\1.85.0-1.5.11\leptonica-1.85.0-1.5.11.jar;C:\Users\ttk08\.m2\repository\org\bytedeco\tesseract\5.5.0-1.5.11\tesseract-5.5.0-1.5.11.jar;C:\Users\ttk08\.m2\repository\org\bytedeco\javacpp-platform\1.5.11\javacpp-platform-1.5.11.jar;C:\Users\ttk08\.m2\repository\org\bytedeco\javacpp\1.5.11\javacpp-1.5.11-android-arm64.jar;C:\Users\ttk08\.m2\repository\org\bytedeco\javacpp\1.5.11\javacpp-1.5.11-android-x86_64.jar;C:\Users\ttk08\.m2\repository\org\bytedeco\javacpp\1.5.11\javacpp-1.5.11-ios-arm64.jar;C:\Users\ttk08\.m2\repository\org\bytedeco\javacpp\1.5.11\javacpp-1.5.11-ios-x86_64.jar;C:\Users\ttk08\.m2\repository\org\bytedeco\javacpp\1.5.11\javacpp-1.5.11-linux-arm64.jar;C:\Users\ttk08\.m2\repository\org\bytedeco\javacpp\1.5.11\javacpp-1.5.11-linux-ppc64le.jar;C:\Users\ttk08\.m2\repository\org\bytedeco\javacpp\1.5.11\javacpp-1.5.11-linux-x86_64.jar;C:\Users\ttk08\.m2\repository\org\bytedeco\javacpp\1.5.11\javacpp-1.5.11-macosx-arm64.jar;C:\Users\ttk08\.m2\repository\org\bytedeco\javacpp\1.5.11\javacpp-1.5.11-macosx-x86_64.jar;C:\Users\ttk08\.m2\repository\org\bytedeco\javacpp\1.5.11\javacpp-1.5.11-windows-x86_64.jar;C:\Users\ttk08\.m2\repository\org\bytedeco\openblas-platform\0.3.28-1.5.11\openblas-platform-0.3.28-1.5.11.jar;C:\Users\ttk08\.m2\repository\org\bytedeco\openblas\0.3.28-1.5.11\openblas-0.3.28-1.5.11-android-arm64.jar;C:\Users\ttk08\.m2\repository\org\bytedeco\openblas\0.3.28-1.5.11\openblas-0.3.28-1.5.11-android-x86_64.jar;C:\Users\ttk08\.m2\repository\org\bytedeco\openblas\0.3.28-1.5.11\openblas-0.3.28-1.5.11-ios-arm64.jar;C:\Users\ttk08\.m2\repository\org\bytedeco\openblas\0.3.28-1.5.11\openblas-0.3.28-1.5.11-ios-x86_64.jar;C:\Users\ttk08\.m2\repository\org\bytedeco\openblas\0.3.28-1.5.11\openblas-0.3.28-1.5.11-linux-x86_64.jar;C:\Users\ttk08\.m2\repository\org\bytedeco\openblas\0.3.28-1.5.11\openblas-0.3.28-1.5.11-linux-arm64.jar;C:\Users\ttk08\.m2\repository\org\bytedeco\openblas\0.3.28-1.5.11\openblas-0.3.28-1.5.11-macosx-arm64.jar;C:\Users\ttk08\.m2\repository\org\bytedeco\openblas\0.3.28-1.5.11\openblas-0.3.28-1.5.11-macosx-x86_64.jar;C:\Users\ttk08\.m2\repository\org\bytedeco\openblas\0.3.28-1.5.11\openblas-0.3.28-1.5.11-windows-x86_64.jar;C:\Users\ttk08\.m2\repository\org\bytedeco\opencv-platform\4.10.0-1.5.11\opencv-platform-4.10.0-1.5.11.jar;C:\Users\ttk08\.m2\repository\org\bytedeco\opencv\4.10.0-1.5.11\opencv-4.10.0-1.5.11-android-arm64.jar;C:\Users\ttk08\.m2\repository\org\bytedeco\opencv\4.10.0-1.5.11\opencv-4.10.0-1.5.11-android-x86_64.jar;C:\Users\ttk08\.m2\repository\org\bytedeco\opencv\4.10.0-1.5.11\opencv-4.10.0-1.5.11-ios-arm64.jar;C:\Users\ttk08\.m2\repository\org\bytedeco\opencv\4.10.0-1.5.11\opencv-4.10.0-1.5.11-ios-x86_64.jar;C:\Users\ttk08\.m2\repository\org\bytedeco\opencv\4.10.0-1.5.11\opencv-4.10.0-1.5.11-linux-x86_64.jar;C:\Users\ttk08\.m2\repository\org\bytedeco\opencv\4.10.0-1.5.11\opencv-4.10.0-1.5.11-linux-arm64.jar;C:\Users\ttk08\.m2\repository\org\bytedeco\opencv\4.10.0-1.5.11\opencv-4.10.0-1.5.11-macosx-arm64.jar;C:\Users\ttk08\.m2\repository\org\bytedeco\opencv\4.10.0-1.5.11\opencv-4.10.0-1.5.11-macosx-x86_64.jar;C:\Users\ttk08\.m2\repository\org\bytedeco\opencv\4.10.0-1.5.11\opencv-4.10.0-1.5.11-windows-x86_64.jar;C:\Users\ttk08\.m2\repository\org\bytedeco\ffmpeg-platform\7.1-1.5.11\ffmpeg-platform-7.1-1.5.11.jar;C:\Users\ttk08\.m2\repository\org\bytedeco\ffmpeg\7.1-1.5.11\ffmpeg-7.1-1.5.11-android-arm64.jar;C:\Users\ttk08\.m2\repository\org\bytedeco\ffmpeg\7.1-1.5.11\ffmpeg-7.1-1.5.11-android-x86_64.jar;C:\Users\ttk08\.m2\repository\org\bytedeco\ffmpeg\7.1-1.5.11\ffmpeg-7.1-1.5.11-linux-x86_64.jar;C:\Users\ttk08\.m2\repository\org\bytedeco\ffmpeg\7.1-1.5.11\ffmpeg-7.1-1.5.11-linux-arm64.jar;C:\Users\ttk08\.m2\repository\org\bytedeco\ffmpeg\7.1-1.5.11\ffmpeg-7.1-1.5.11-macosx-arm64.jar;C:\Users\ttk08\.m2\repository\org\bytedeco\ffmpeg\7.1-1.5.11\ffmpeg-7.1-1.5.11-macosx-x86_64.jar;C:\Users\ttk08\.m2\repository\org\bytedeco\ffmpeg\7.1-1.5.11\ffmpeg-7.1-1.5.11-windows-x86_64.jar;C:\Users\ttk08\.m2\repository\org\bytedeco\flycapture-platform\2.13.3.31-1.5.9\flycapture-platform-2.13.3.31-1.5.9.jar;C:\Users\ttk08\.m2\repository\org\bytedeco\flycapture\2.13.3.31-1.5.9\flycapture-2.13.3.31-1.5.9-linux-x86.jar;C:\Users\ttk08\.m2\repository\org\bytedeco\flycapture\2.13.3.31-1.5.9\flycapture-2.13.3.31-1.5.9-linux-x86_64.jar;C:\Users\ttk08\.m2\repository\org\bytedeco\flycapture\2.13.3.31-1.5.9\flycapture-2.13.3.31-1.5.9-linux-armhf.jar;C:\Users\ttk08\.m2\repository\org\bytedeco\flycapture\2.13.3.31-1.5.9\flycapture-2.13.3.31-1.5.9-linux-arm64.jar;C:\Users\ttk08\.m2\repository\org\bytedeco\flycapture\2.13.3.31-1.5.9\flycapture-2.13.3.31-1.5.9-windows-x86.jar;C:\Users\ttk08\.m2\repository\org\bytedeco\flycapture\2.13.3.31-1.5.9\flycapture-2.13.3.31-1.5.9-windows-x86_64.jar;C:\Users\ttk08\.m2\repository\org\bytedeco\libdc1394-platform\2.2.6-1.5.9\libdc1394-platform-2.2.6-1.5.9.jar;C:\Users\ttk08\.m2\repository\org\bytedeco\libdc1394\2.2.6-1.5.9\libdc1394-2.2.6-1.5.9-linux-x86.jar;C:\Users\ttk08\.m2\repository\org\bytedeco\libdc1394\2.2.6-1.5.9\libdc1394-2.2.6-1.5.9-linux-x86_64.jar;C:\Users\ttk08\.m2\repository\org\bytedeco\libdc1394\2.2.6-1.5.9\libdc1394-2.2.6-1.5.9-linux-armhf.jar;C:\Users\ttk08\.m2\repository\org\bytedeco\libdc1394\2.2.6-1.5.9\libdc1394-2.2.6-1.5.9-linux-arm64.jar;C:\Users\ttk08\.m2\repository\org\bytedeco\libdc1394\2.2.6-1.5.9\libdc1394-2.2.6-1.5.9-linux-ppc64le.jar;C:\Users\ttk08\.m2\repository\org\bytedeco\libdc1394\2.2.6-1.5.9\libdc1394-2.2.6-1.5.9-macosx-x86_64.jar;C:\Users\ttk08\.m2\repository\org\bytedeco\libdc1394\2.2.6-1.5.9\libdc1394-2.2.6-1.5.9-windows-x86.jar;C:\Users\ttk08\.m2\repository\org\bytedeco\libdc1394\2.2.6-1.5.9\libdc1394-2.2.6-1.5.9-windows-x86_64.jar;C:\Users\ttk08\.m2\repository\org\bytedeco\libfreenect-platform\0.5.7-1.5.9\libfreenect-platform-0.5.7-1.5.9.jar;C:\Users\ttk08\.m2\repository\org\bytedeco\libfreenect\0.5.7-1.5.9\libfreenect-0.5.7-1.5.9-linux-x86.jar;C:\Users\ttk08\.m2\repository\org\bytedeco\libfreenect\0.5.7-1.5.9\libfreenect-0.5.7-1.5.9-linux-x86_64.jar;C:\Users\ttk08\.m2\repository\org\bytedeco\libfreenect\0.5.7-1.5.9\libfreenect-0.5.7-1.5.9-linux-armhf.jar;C:\Users\ttk08\.m2\repository\org\bytedeco\libfreenect\0.5.7-1.5.9\libfreenect-0.5.7-1.5.9-linux-arm64.jar;C:\Users\ttk08\.m2\repository\org\bytedeco\libfreenect\0.5.7-1.5.9\libfreenect-0.5.7-1.5.9-linux-ppc64le.jar;C:\Users\ttk08\.m2\repository\org\bytedeco\libfreenect\0.5.7-1.5.9\libfreenect-0.5.7-1.5.9-macosx-x86_64.jar;C:\Users\ttk08\.m2\repository\org\bytedeco\libfreenect\0.5.7-1.5.9\libfreenect-0.5.7-1.5.9-windows-x86.jar;C:\Users\ttk08\.m2\repository\org\bytedeco\libfreenect\0.5.7-1.5.9\libfreenect-0.5.7-1.5.9-windows-x86_64.jar;C:\Users\ttk08\.m2\repository\org\bytedeco\libfreenect2-platform\0.2.0-1.5.9\libfreenect2-platform-0.2.0-1.5.9.jar;C:\Users\ttk08\.m2\repository\org\bytedeco\libfreenect2\0.2.0-1.5.9\libfreenect2-0.2.0-1.5.9-linux-x86.jar;C:\Users\ttk08\.m2\repository\org\bytedeco\libfreenect2\0.2.0-1.5.9\libfreenect2-0.2.0-1.5.9-linux-x86_64.jar;C:\Users\ttk08\.m2\repository\org\bytedeco\libfreenect2\0.2.0-1.5.9\libfreenect2-0.2.0-1.5.9-macosx-x86_64.jar;C:\Users\ttk08\.m2\repository\org\bytedeco\libfreenect2\0.2.0-1.5.9\libfreenect2-0.2.0-1.5.9-windows-x86_64.jar;C:\Users\ttk08\.m2\repository\org\bytedeco\librealsense-platform\1.12.4-1.5.9\librealsense-platform-1.12.4-1.5.9.jar;C:\Users\ttk08\.m2\repository\org\bytedeco\librealsense\1.12.4-1.5.9\librealsense-1.12.4-1.5.9-linux-armhf.jar;C:\Users\ttk08\.m2\repository\org\bytedeco\librealsense\1.12.4-1.5.9\librealsense-1.12.4-1.5.9-linux-arm64.jar;C:\Users\ttk08\.m2\repository\org\bytedeco\librealsense\1.12.4-1.5.9\librealsense-1.12.4-1.5.9-linux-x86.jar;C:\Users\ttk08\.m2\repository\org\bytedeco\librealsense\1.12.4-1.5.9\librealsense-1.12.4-1.5.9-linux-x86_64.jar;C:\Users\ttk08\.m2\repository\org\bytedeco\librealsense\1.12.4-1.5.9\librealsense-1.12.4-1.5.9-macosx-x86_64.jar;C:\Users\ttk08\.m2\repository\org\bytedeco\librealsense\1.12.4-1.5.9\librealsense-1.12.4-1.5.9-windows-x86.jar;C:\Users\ttk08\.m2\repository\org\bytedeco\librealsense\1.12.4-1.5.9\librealsense-1.12.4-1.5.9-windows-x86_64.jar;C:\Users\ttk08\.m2\repository\org\bytedeco\librealsense2-platform\2.53.1-1.5.9\librealsense2-platform-2.53.1-1.5.9.jar;C:\Users\ttk08\.m2\repository\org\bytedeco\librealsense2\2.53.1-1.5.9\librealsense2-2.53.1-1.5.9-linux-armhf.jar;C:\Users\ttk08\.m2\repository\org\bytedeco\librealsense2\2.53.1-1.5.9\librealsense2-2.53.1-1.5.9-linux-arm64.jar;C:\Users\ttk08\.m2\repository\org\bytedeco\librealsense2\2.53.1-1.5.9\librealsense2-2.53.1-1.5.9-linux-x86.jar;C:\Users\ttk08\.m2\repository\org\bytedeco\librealsense2\2.53.1-1.5.9\librealsense2-2.53.1-1.5.9-linux-x86_64.jar;C:\Users\ttk08\.m2\repository\org\bytedeco\librealsense2\2.53.1-1.5.9\librealsense2-2.53.1-1.5.9-macosx-x86_64.jar;C:\Users\ttk08\.m2\repository\org\bytedeco\librealsense2\2.53.1-1.5.9\librealsense2-2.53.1-1.5.9-windows-x86.jar;C:\Users\ttk08\.m2\repository\org\bytedeco\librealsense2\2.53.1-1.5.9\librealsense2-2.53.1-1.5.9-windows-x86_64.jar;C:\Users\ttk08\.m2\repository\org\bytedeco\videoinput-platform\0.200-1.5.9\videoinput-platform-0.200-1.5.9.jar;C:\Users\ttk08\.m2\repository\org\bytedeco\videoinput\0.200-1.5.9\videoinput-0.200-1.5.9-windows-x86.jar;C:\Users\ttk08\.m2\repository\org\bytedeco\videoinput\0.200-1.5.9\videoinput-0.200-1.5.9-windows-x86_64.jar;C:\Users\ttk08\.m2\repository\org\bytedeco\artoolkitplus-platform\2.3.1-1.5.9\artoolkitplus-platform-2.3.1-1.5.9.jar;C:\Users\ttk08\.m2\repository\org\bytedeco\artoolkitplus\2.3.1-1.5.9\artoolkitplus-2.3.1-1.5.9-android-arm.jar;C:\Users\ttk08\.m2\repository\org\bytedeco\artoolkitplus\2.3.1-1.5.9\artoolkitplus-2.3.1-1.5.9-android-arm64.jar;C:\Users\ttk08\.m2\repository\org\bytedeco\artoolkitplus\2.3.1-1.5.9\artoolkitplus-2.3.1-1.5.9-android-x86.jar;C:\Users\ttk08\.m2\repository\org\bytedeco\artoolkitplus\2.3.1-1.5.9\artoolkitplus-2.3.1-1.5.9-android-x86_64.jar;C:\Users\ttk08\.m2\repository\org\bytedeco\artoolkitplus\2.3.1-1.5.9\artoolkitplus-2.3.1-1.5.9-linux-x86.jar;C:\Users\ttk08\.m2\repository\org\bytedeco\artoolkitplus\2.3.1-1.5.9\artoolkitplus-2.3.1-1.5.9-linux-x86_64.jar;C:\Users\ttk08\.m2\repository\org\bytedeco\artoolkitplus\2.3.1-1.5.9\artoolkitplus-2.3.1-1.5.9-linux-armhf.jar;C:\Users\ttk08\.m2\repository\org\bytedeco\artoolkitplus\2.3.1-1.5.9\artoolkitplus-2.3.1-1.5.9-linux-arm64.jar;C:\Users\ttk08\.m2\repository\org\bytedeco\artoolkitplus\2.3.1-1.5.9\artoolkitplus-2.3.1-1.5.9-linux-ppc64le.jar;C:\Users\ttk08\.m2\repository\org\bytedeco\artoolkitplus\2.3.1-1.5.9\artoolkitplus-2.3.1-1.5.9-macosx-x86_64.jar;C:\Users\ttk08\.m2\repository\org\bytedeco\artoolkitplus\2.3.1-1.5.9\artoolkitplus-2.3.1-1.5.9-windows-x86.jar;C:\Users\ttk08\.m2\repository\org\bytedeco\artoolkitplus\2.3.1-1.5.9\artoolkitplus-2.3.1-1.5.9-windows-x86_64.jar;C:\Users\ttk08\.m2\repository\org\bytedeco\leptonica-platform\1.85.0-1.5.11\leptonica-platform-1.85.0-1.5.11.jar;C:\Users\ttk08\.m2\repository\org\bytedeco\leptonica\1.85.0-1.5.11\leptonica-1.85.0-1.5.11-android-arm64.jar;C:\Users\ttk08\.m2\repository\org\bytedeco\leptonica\1.85.0-1.5.11\leptonica-1.85.0-1.5.11-android-x86_64.jar;C:\Users\ttk08\.m2\repository\org\bytedeco\leptonica\1.85.0-1.5.11\leptonica-1.85.0-1.5.11-linux-x86_64.jar;C:\Users\ttk08\.m2\repository\org\bytedeco\leptonica\1.85.0-1.5.11\leptonica-1.85.0-1.5.11-linux-arm64.jar;C:\Users\ttk08\.m2\repository\org\bytedeco\leptonica\1.85.0-1.5.11\leptonica-1.85.0-1.5.11-macosx-arm64.jar;C:\Users\ttk08\.m2\repository\org\bytedeco\leptonica\1.85.0-1.5.11\leptonica-1.85.0-1.5.11-macosx-x86_64.jar;C:\Users\ttk08\.m2\repository\org\bytedeco\leptonica\1.85.0-1.5.11\leptonica-1.85.0-1.5.11-windows-x86_64.jar;C:\Users\ttk08\.m2\repository\org\bytedeco\tesseract-platform\5.5.0-1.5.11\tesseract-platform-5.5.0-1.5.11.jar;C:\Users\ttk08\.m2\repository\org\bytedeco\tesseract\5.5.0-1.5.11\tesseract-5.5.0-1.5.11-android-arm64.jar;C:\Users\ttk08\.m2\repository\org\bytedeco\tesseract\5.5.0-1.5.11\tesseract-5.5.0-1.5.11-android-x86_64.jar;C:\Users\ttk08\.m2\repository\org\bytedeco\tesseract\5.5.0-1.5.11\tesseract-5.5.0-1.5.11-linux-x86_64.jar;C:\Users\ttk08\.m2\repository\org\bytedeco\tesseract\5.5.0-1.5.11\tesseract-5.5.0-1.5.11-linux-arm64.jar;C:\Users\ttk08\.m2\repository\org\bytedeco\tesseract\5.5.0-1.5.11\tesseract-5.5.0-1.5.11-macosx-arm64.jar;C:\Users\ttk08\.m2\repository\org\bytedeco\tesseract\5.5.0-1.5.11\tesseract-5.5.0-1.5.11-macosx-x86_64.jar;C:\Users\ttk08\.m2\repository\org\bytedeco\tesseract\5.5.0-1.5.11\tesseract-5.5.0-1.5.11-windows-x86_64.jar;C:\Users\ttk08\.m2\repository\com\google\oauth-client\google-oauth-client-jetty\1.36.0\google-oauth-client-jetty-1.36.0.jar;C:\Users\ttk08\.m2\repository\com\google\oauth-client\google-oauth-client-java6\1.36.0\google-oauth-client-java6-1.36.0.jar;C:\Users\ttk08\.m2\repository\com\google\oauth-client\google-oauth-client\1.36.0\google-oauth-client-1.36.0.jar;C:\Users\ttk08\.m2\repository\com\google\http-client\google-http-client\1.43.3\google-http-client-1.43.3.jar;C:\Users\ttk08\.m2\repository\org\apache\httpcomponents\httpcore\4.4.16\httpcore-4.4.16.jar;C:\Users\ttk08\.m2\repository\io\opencensus\opencensus-api\0.31.1\opencensus-api-0.31.1.jar;C:\Users\ttk08\.m2\repository\io\grpc\grpc-context\1.27.2\grpc-context-1.27.2.jar;C:\Users\ttk08\.m2\repository\io\opencensus\opencensus-contrib-http-util\0.31.1\opencensus-contrib-http-util-0.31.1.jar;C:\Users\ttk08\.m2\repository\com\google\api\client\google-api-client\1.4.1-beta\google-api-client-1.4.1-beta.jar;C:\Users\ttk08\.m2\repository\com\google\code\findbugs\jsr305\1.3.9\jsr305-1.3.9.jar;C:\Users\ttk08\.m2\repository\org\apache\httpcomponents\httpclient\4.0.3\httpclient-4.0.3.jar;C:\Users\ttk08\.m2\repository\commons-logging\commons-logging\1.1.1\commons-logging-1.1.1.jar;C:\Users\ttk08\.m2\repository\commons-codec\commons-codec\1.3\commons-codec-1.3.jar;C:\Users\ttk08\.m2\repository\org\codehaus\jackson\jackson-core-asl\1.6.7\jackson-core-asl-1.6.7.jar;C:\Users\ttk08\.m2\repository\xpp3\xpp3\1.1.4c\xpp3-1.1.4c.jar;C:\Users\ttk08\.m2\repository\com\google\apis\google-api-services-books\v1-rev20240214-2.0.0\google-api-services-books-v1-rev20240214-2.0.0.jar;C:\Users\ttk08\.m2\repository\com\google\api-client\google-api-client\2.2.0\google-api-client-2.2.0.jar;C:\Users\ttk08\.m2\repository\com\google\http-client\google-http-client-gson\1.42.3\google-http-client-gson-1.42.3.jar;C:\Users\ttk08\.m2\repository\com\google\http-client\google-http-client-apache-v2\1.42.3\google-http-client-apache-v2-1.42.3.jar;C:\Users\ttk08\.m2\repository\org\openjfx\javafx-controls\17.0.1\javafx-controls-17.0.1.jar;C:\Users\ttk08\.m2\repository\org\openjfx\javafx-controls\17.0.1\javafx-controls-17.0.1-win.jar;C:\Users\ttk08\.m2\repository\org\openjfx\javafx-fxml\17.0.1\javafx-fxml-17.0.1.jar;C:\Users\ttk08\.m2\repository\org\openjfx\javafx-fxml\17.0.1\javafx-fxml-17.0.1-win.jar;C:\Users\ttk08\.m2\repository\junit\junit\4.13.2\junit-4.13.2.jar;C:\Users\ttk08\.m2\repository\org\hamcrest\hamcrest-core\1.3\hamcrest-core-1.3.jar;C:\Users\ttk08\.m2\repository\org\apache\commons\commons-lang3\3.12.0\commons-lang3-3.12.0.jar;C:\Users\ttk08\.m2\repository\com\google\guava\guava\32.0.1-jre\guava-32.0.1-jre.jar;C:\Users\ttk08\.m2\repository\com\google\guava\failureaccess\1.0.1\failureaccess-1.0.1.jar;C:\Users\ttk08\.m2\repository\com\google\guava\listenablefuture\9999.0-empty-to-avoid-conflict-with-guava\listenablefuture-9999.0-empty-to-avoid-conflict-with-guava.jar;C:\Users\ttk08\.m2\repository\org\checkerframework\checker-qual\3.33.0\checker-qual-3.33.0.jar;C:\Users\ttk08\.m2\repository\com\google\errorprone\error_prone_annotations\2.18.0\error_prone_annotations-2.18.0.jar;C:\Users\ttk08\.m2\repository\com\google\j2objc\j2objc-annotations\2.8\j2objc-annotations-2.8.jar;C:\Users\ttk08\.m2\repository\com\mysql\mysql-connector-j\8.0.33\mysql-connector-j-8.0.33.jar;C:\Users\ttk08\.m2\repository\com\google\protobuf\protobuf-java\3.21.9\protobuf-java-3.21.9.jar;C:\Users\ttk08\.m2\repository\com\google\code\gson\gson\2.10.1\gson-2.10.1.jar;"/>
    <property name="java.vm.vendor" value="Oracle Corporation"/>
    <property name="sun.arch.data.model" value="64"/>
    <property name="user.variant" value=""/>
    <property name="java.vendor.url" value="https://java.oracle.com/"/>
    <property name="user.timezone" value="Asia/Saigon"/>
    <property name="os.name" value="Windows 11"/>
    <property name="java.vm.specification.version" value="23"/>
    <property name="sun.java.launcher" value="SUN_STANDARD"/>
    <property name="user.country" value="US"/>
    <property name="sun.boot.library.path" value="C:\Program Files\Java\jdk-23\bin"/>
    <property name="sun.java.command" value="C:\Users\ttk08\AppData\Local\Temp\surefire17475697380578947471\surefirebooter-20250402193931819_3.jar C:\Users\ttk08\AppData\Local\Temp\surefire17475697380578947471 2025-04-02T19-39-31_736-jvmRun1 surefire-20250402193931819_1tmp surefire_0-20250402193931819_2tmp"/>
    <property name="jdk.debug" value="release"/>
    <property name="surefire.test.class.path" value="d:\MyWorks\codingRepos\LibaryManagerment_OOP_JavaFX_project\target\test-classes;d:\MyWorks\codingRepos\LibaryManagerment_OOP_JavaFX_project\target\classes;C:\Users\ttk08\.m2\repository\com\google\zxing\core\3.5.3\core-3.5.3.jar;C:\Users\ttk08\.m2\repository\com\google\zxing\javase\3.5.3\javase-3.5.3.jar;C:\Users\ttk08\.m2\repository\com\beust\jcommander\1.82\jcommander-1.82.jar;C:\Users\ttk08\.m2\repository\com\github\jai-imageio\jai-imageio-core\1.4.0\jai-imageio-core-1.4.0.jar;C:\Users\ttk08\.m2\repository\org\openjfx\javafx-swing\17.0.1\javafx-swing-17.0.1.jar;C:\Users\ttk08\.m2\repository\org\openjfx\javafx-swing\17.0.1\javafx-swing-17.0.1-win.jar;C:\Users\ttk08\.m2\repository\org\openjfx\javafx-graphics\17.0.1\javafx-graphics-17.0.1.jar;C:\Users\ttk08\.m2\repository\org\openjfx\javafx-graphics\17.0.1\javafx-graphics-17.0.1-win.jar;C:\Users\ttk08\.m2\repository\org\openjfx\javafx-base\17.0.1\javafx-base-17.0.1.jar;C:\Users\ttk08\.m2\repository\org\openjfx\javafx-base\17.0.1\javafx-base-17.0.1-win.jar;C:\Users\ttk08\.m2\repository\org\bytedeco\javacv-platform\1.5.11\javacv-platform-1.5.11.jar;C:\Users\ttk08\.m2\repository\org\bytedeco\javacv\1.5.11\javacv-1.5.11.jar;C:\Users\ttk08\.m2\repository\org\bytedeco\javacpp\1.5.11\javacpp-1.5.11.jar;C:\Users\ttk08\.m2\repository\org\bytedeco\openblas\0.3.28-1.5.11\openblas-0.3.28-1.5.11.jar;C:\Users\ttk08\.m2\repository\org\bytedeco\opencv\4.10.0-1.5.11\opencv-4.10.0-1.5.11.jar;C:\Users\ttk08\.m2\repository\org\bytedeco\ffmpeg\7.1-1.5.11\ffmpeg-7.1-1.5.11.jar;C:\Users\ttk08\.m2\repository\org\bytedeco\flycapture\2.13.3.31-1.5.9\flycapture-2.13.3.31-1.5.9.jar;C:\Users\ttk08\.m2\repository\org\bytedeco\libdc1394\2.2.6-1.5.9\libdc1394-2.2.6-1.5.9.jar;C:\Users\ttk08\.m2\repository\org\bytedeco\libfreenect\0.5.7-1.5.9\libfreenect-0.5.7-1.5.9.jar;C:\Users\ttk08\.m2\repository\org\bytedeco\libfreenect2\0.2.0-1.5.9\libfreenect2-0.2.0-1.5.9.jar;C:\Users\ttk08\.m2\repository\org\bytedeco\librealsense\1.12.4-1.5.9\librealsense-1.12.4-1.5.9.jar;C:\Users\ttk08\.m2\repository\org\bytedeco\librealsense2\2.53.1-1.5.9\librealsense2-2.53.1-1.5.9.jar;C:\Users\ttk08\.m2\repository\org\bytedeco\videoinput\0.200-1.5.9\videoinput-0.200-1.5.9.jar;C:\Users\ttk08\.m2\repository\org\bytedeco\artoolkitplus\2.3.1-1.5.9\artoolkitplus-2.3.1-1.5.9.jar;C:\Users\ttk08\.m2\repository\org\bytedeco\leptonica\1.85.0-1.5.11\leptonica-1.85.0-1.5.11.jar;C:\Users\ttk08\.m2\repository\org\bytedeco\tesseract\5.5.0-1.5.11\tesseract-5.5.0-1.5.11.jar;C:\Users\ttk08\.m2\repository\org\bytedeco\javacpp-platform\1.5.11\javacpp-platform-1.5.11.jar;C:\Users\ttk08\.m2\repository\org\bytedeco\javacpp\1.5.11\javacpp-1.5.11-android-arm64.jar;C:\Users\ttk08\.m2\repository\org\bytedeco\javacpp\1.5.11\javacpp-1.5.11-android-x86_64.jar;C:\Users\ttk08\.m2\repository\org\bytedeco\javacpp\1.5.11\javacpp-1.5.11-ios-arm64.jar;C:\Users\ttk08\.m2\repository\org\bytedeco\javacpp\1.5.11\javacpp-1.5.11-ios-x86_64.jar;C:\Users\ttk08\.m2\repository\org\bytedeco\javacpp\1.5.11\javacpp-1.5.11-linux-arm64.jar;C:\Users\ttk08\.m2\repository\org\bytedeco\javacpp\1.5.11\javacpp-1.5.11-linux-ppc64le.jar;C:\Users\ttk08\.m2\repository\org\bytedeco\javacpp\1.5.11\javacpp-1.5.11-linux-x86_64.jar;C:\Users\ttk08\.m2\repository\org\bytedeco\javacpp\1.5.11\javacpp-1.5.11-macosx-arm64.jar;C:\Users\ttk08\.m2\repository\org\bytedeco\javacpp\1.5.11\javacpp-1.5.11-macosx-x86_64.jar;C:\Users\ttk08\.m2\repository\org\bytedeco\javacpp\1.5.11\javacpp-1.5.11-windows-x86_64.jar;C:\Users\ttk08\.m2\repository\org\bytedeco\openblas-platform\0.3.28-1.5.11\openblas-platform-0.3.28-1.5.11.jar;C:\Users\ttk08\.m2\repository\org\bytedeco\openblas\0.3.28-1.5.11\openblas-0.3.28-1.5.11-android-arm64.jar;C:\Users\ttk08\.m2\repository\org\bytedeco\openblas\0.3.28-1.5.11\openblas-0.3.28-1.5.11-android-x86_64.jar;C:\Users\ttk08\.m2\repository\org\bytedeco\openblas\0.3.28-1.5.11\openblas-0.3.28-1.5.11-ios-arm64.jar;C:\Users\ttk08\.m2\repository\org\bytedeco\openblas\0.3.28-1.5.11\openblas-0.3.28-1.5.11-ios-x86_64.jar;C:\Users\ttk08\.m2\repository\org\bytedeco\openblas\0.3.28-1.5.11\openblas-0.3.28-1.5.11-linux-x86_64.jar;C:\Users\ttk08\.m2\repository\org\bytedeco\openblas\0.3.28-1.5.11\openblas-0.3.28-1.5.11-linux-arm64.jar;C:\Users\ttk08\.m2\repository\org\bytedeco\openblas\0.3.28-1.5.11\openblas-0.3.28-1.5.11-macosx-arm64.jar;C:\Users\ttk08\.m2\repository\org\bytedeco\openblas\0.3.28-1.5.11\openblas-0.3.28-1.5.11-macosx-x86_64.jar;C:\Users\ttk08\.m2\repository\org\bytedeco\openblas\0.3.28-1.5.11\openblas-0.3.28-1.5.11-windows-x86_64.jar;C:\Users\ttk08\.m2\repository\org\bytedeco\opencv-platform\4.10.0-1.5.11\opencv-platform-4.10.0-1.5.11.jar;C:\Users\ttk08\.m2\repository\org\bytedeco\opencv\4.10.0-1.5.11\opencv-4.10.0-1.5.11-android-arm64.jar;C:\Users\ttk08\.m2\repository\org\bytedeco\opencv\4.10.0-1.5.11\opencv-4.10.0-1.5.11-android-x86_64.jar;C:\Users\ttk08\.m2\repository\org\bytedeco\opencv\4.10.0-1.5.11\opencv-4.10.0-1.5.11-ios-arm64.jar;C:\Users\ttk08\.m2\repository\org\bytedeco\opencv\4.10.0-1.5.11\opencv-4.10.0-1.5.11-ios-x86_64.jar;C:\Users\ttk08\.m2\repository\org\bytedeco\opencv\4.10.0-1.5.11\opencv-4.10.0-1.5.11-linux-x86_64.jar;C:\Users\ttk08\.m2\repository\org\bytedeco\opencv\4.10.0-1.5.11\opencv-4.10.0-1.5.11-linux-arm64.jar;C:\Users\ttk08\.m2\repository\org\bytedeco\opencv\4.10.0-1.5.11\opencv-4.10.0-1.5.11-macosx-arm64.jar;C:\Users\ttk08\.m2\repository\org\bytedeco\opencv\4.10.0-1.5.11\opencv-4.10.0-1.5.11-macosx-x86_64.jar;C:\Users\ttk08\.m2\repository\org\bytedeco\opencv\4.10.0-1.5.11\opencv-4.10.0-1.5.11-windows-x86_64.jar;C:\Users\ttk08\.m2\repository\org\bytedeco\ffmpeg-platform\7.1-1.5.11\ffmpeg-platform-7.1-1.5.11.jar;C:\Users\ttk08\.m2\repository\org\bytedeco\ffmpeg\7.1-1.5.11\ffmpeg-7.1-1.5.11-android-arm64.jar;C:\Users\ttk08\.m2\repository\org\bytedeco\ffmpeg\7.1-1.5.11\ffmpeg-7.1-1.5.11-android-x86_64.jar;C:\Users\ttk08\.m2\repository\org\bytedeco\ffmpeg\7.1-1.5.11\ffmpeg-7.1-1.5.11-linux-x86_64.jar;C:\Users\ttk08\.m2\repository\org\bytedeco\ffmpeg\7.1-1.5.11\ffmpeg-7.1-1.5.11-linux-arm64.jar;C:\Users\ttk08\.m2\repository\org\bytedeco\ffmpeg\7.1-1.5.11\ffmpeg-7.1-1.5.11-macosx-arm64.jar;C:\Users\ttk08\.m2\repository\org\bytedeco\ffmpeg\7.1-1.5.11\ffmpeg-7.1-1.5.11-macosx-x86_64.jar;C:\Users\ttk08\.m2\repository\org\bytedeco\ffmpeg\7.1-1.5.11\ffmpeg-7.1-1.5.11-windows-x86_64.jar;C:\Users\ttk08\.m2\repository\org\bytedeco\flycapture-platform\2.13.3.31-1.5.9\flycapture-platform-2.13.3.31-1.5.9.jar;C:\Users\ttk08\.m2\repository\org\bytedeco\flycapture\2.13.3.31-1.5.9\flycapture-2.13.3.31-1.5.9-linux-x86.jar;C:\Users\ttk08\.m2\repository\org\bytedeco\flycapture\2.13.3.31-1.5.9\flycapture-2.13.3.31-1.5.9-linux-x86_64.jar;C:\Users\ttk08\.m2\repository\org\bytedeco\flycapture\2.13.3.31-1.5.9\flycapture-2.13.3.31-1.5.9-linux-armhf.jar;C:\Users\ttk08\.m2\repository\org\bytedeco\flycapture\2.13.3.31-1.5.9\flycapture-2.13.3.31-1.5.9-linux-arm64.jar;C:\Users\ttk08\.m2\repository\org\bytedeco\flycapture\2.13.3.31-1.5.9\flycapture-2.13.3.31-1.5.9-windows-x86.jar;C:\Users\ttk08\.m2\repository\org\bytedeco\flycapture\2.13.3.31-1.5.9\flycapture-2.13.3.31-1.5.9-windows-x86_64.jar;C:\Users\ttk08\.m2\repository\org\bytedeco\libdc1394-platform\2.2.6-1.5.9\libdc1394-platform-2.2.6-1.5.9.jar;C:\Users\ttk08\.m2\repository\org\bytedeco\libdc1394\2.2.6-1.5.9\libdc1394-2.2.6-1.5.9-linux-x86.jar;C:\Users\ttk08\.m2\repository\org\bytedeco\libdc1394\2.2.6-1.5.9\libdc1394-2.2.6-1.5.9-linux-x86_64.jar;C:\Users\ttk08\.m2\repository\org\bytedeco\libdc1394\2.2.6-1.5.9\libdc1394-2.2.6-1.5.9-linux-armhf.jar;C:\Users\ttk08\.m2\repository\org\bytedeco\libdc1394\2.2.6-1.5.9\libdc1394-2.2.6-1.5.9-linux-arm64.jar;C:\Users\ttk08\.m2\repository\org\bytedeco\libdc1394\2.2.6-1.5.9\libdc1394-2.2.6-1.5.9-linux-ppc64le.jar;C:\Users\ttk08\.m2\repository\org\bytedeco\libdc1394\2.2.6-1.5.9\libdc1394-2.2.6-1.5.9-macosx-x86_64.jar;C:\Users\ttk08\.m2\repository\org\bytedeco\libdc1394\2.2.6-1.5.9\libdc1394-2.2.6-1.5.9-windows-x86.jar;C:\Users\ttk08\.m2\repository\org\bytedeco\libdc1394\2.2.6-1.5.9\libdc1394-2.2.6-1.5.9-windows-x86_64.jar;C:\Users\ttk08\.m2\repository\org\bytedeco\libfreenect-platform\0.5.7-1.5.9\libfreenect-platform-0.5.7-1.5.9.jar;C:\Users\ttk08\.m2\repository\org\bytedeco\libfreenect\0.5.7-1.5.9\libfreenect-0.5.7-1.5.9-linux-x86.jar;C:\Users\ttk08\.m2\repository\org\bytedeco\libfreenect\0.5.7-1.5.9\libfreenect-0.5.7-1.5.9-linux-x86_64.jar;C:\Users\ttk08\.m2\repository\org\bytedeco\libfreenect\0.5.7-1.5.9\libfreenect-0.5.7-1.5.9-linux-armhf.jar;C:\Users\ttk08\.m2\repository\org\bytedeco\libfreenect\0.5.7-1.5.9\libfreenect-0.5.7-1.5.9-linux-arm64.jar;C:\Users\ttk08\.m2\repository\org\bytedeco\libfreenect\0.5.7-1.5.9\libfreenect-0.5.7-1.5.9-linux-ppc64le.jar;C:\Users\ttk08\.m2\repository\org\bytedeco\libfreenect\0.5.7-1.5.9\libfreenect-0.5.7-1.5.9-macosx-x86_64.jar;C:\Users\ttk08\.m2\repository\org\bytedeco\libfreenect\0.5.7-1.5.9\libfreenect-0.5.7-1.5.9-windows-x86.jar;C:\Users\ttk08\.m2\repository\org\bytedeco\libfreenect\0.5.7-1.5.9\libfreenect-0.5.7-1.5.9-windows-x86_64.jar;C:\Users\ttk08\.m2\repository\org\bytedeco\libfreenect2-platform\0.2.0-1.5.9\libfreenect2-platform-0.2.0-1.5.9.jar;C:\Users\ttk08\.m2\repository\org\bytedeco\libfreenect2\0.2.0-1.5.9\libfreenect2-0.2.0-1.5.9-linux-x86.jar;C:\Users\ttk08\.m2\repository\org\bytedeco\libfreenect2\0.2.0-1.5.9\libfreenect2-0.2.0-1.5.9-linux-x86_64.jar;C:\Users\ttk08\.m2\repository\org\bytedeco\libfreenect2\0.2.0-1.5.9\libfreenect2-0.2.0-1.5.9-macosx-x86_64.jar;C:\Users\ttk08\.m2\repository\org\bytedeco\libfreenect2\0.2.0-1.5.9\libfreenect2-0.2.0-1.5.9-windows-x86_64.jar;C:\Users\ttk08\.m2\repository\org\bytedeco\librealsense-platform\1.12.4-1.5.9\librealsense-platform-1.12.4-1.5.9.jar;C:\Users\ttk08\.m2\repository\org\bytedeco\librealsense\1.12.4-1.5.9\librealsense-1.12.4-1.5.9-linux-armhf.jar;C:\Users\ttk08\.m2\repository\org\bytedeco\librealsense\1.12.4-1.5.9\librealsense-1.12.4-1.5.9-linux-arm64.jar;C:\Users\ttk08\.m2\repository\org\bytedeco\librealsense\1.12.4-1.5.9\librealsense-1.12.4-1.5.9-linux-x86.jar;C:\Users\ttk08\.m2\repository\org\bytedeco\librealsense\1.12.4-1.5.9\librealsense-1.12.4-1.5.9-linux-x86_64.jar;C:\Users\ttk08\.m2\repository\org\bytedeco\librealsense\1.12.4-1.5.9\librealsense-1.12.4-1.5.9-macosx-x86_64.jar;C:\Users\ttk08\.m2\repository\org\bytedeco\librealsense\1.12.4-1.5.9\librealsense-1.12.4-1.5.9-windows-x86.jar;C:\Users\ttk08\.m2\repository\org\bytedeco\librealsense\1.12.4-1.5.9\librealsense-1.12.4-1.5.9-windows-x86_64.jar;C:\Users\ttk08\.m2\repository\org\bytedeco\librealsense2-platform\2.53.1-1.5.9\librealsense2-platform-2.53.1-1.5.9.jar;C:\Users\ttk08\.m2\repository\org\bytedeco\librealsense2\2.53.1-1.5.9\librealsense2-2.53.1-1.5.9-linux-armhf.jar;C:\Users\ttk08\.m2\repository\org\bytedeco\librealsense2\2.53.1-1.5.9\librealsense2-2.53.1-1.5.9-linux-arm64.jar;C:\Users\ttk08\.m2\repository\org\bytedeco\librealsense2\2.53.1-1.5.9\librealsense2-2.53.1-1.5.9-linux-x86.jar;C:\Users\ttk08\.m2\repository\org\bytedeco\librealsense2\2.53.1-1.5.9\librealsense2-2.53.1-1.5.9-linux-x86_64.jar;C:\Users\ttk08\.m2\repository\org\bytedeco\librealsense2\2.53.1-1.5.9\librealsense2-2.53.1-1.5.9-macosx-x86_64.jar;C:\Users\ttk08\.m2\repository\org\bytedeco\librealsense2\2.53.1-1.5.9\librealsense2-2.53.1-1.5.9-windows-x86.jar;C:\Users\ttk08\.m2\repository\org\bytedeco\librealsense2\2.53.1-1.5.9\librealsense2-2.53.1-1.5.9-windows-x86_64.jar;C:\Users\ttk08\.m2\repository\org\bytedeco\videoinput-platform\0.200-1.5.9\videoinput-platform-0.200-1.5.9.jar;C:\Users\ttk08\.m2\repository\org\bytedeco\videoinput\0.200-1.5.9\videoinput-0.200-1.5.9-windows-x86.jar;C:\Users\ttk08\.m2\repository\org\bytedeco\videoinput\0.200-1.5.9\videoinput-0.200-1.5.9-windows-x86_64.jar;C:\Users\ttk08\.m2\repository\org\bytedeco\artoolkitplus-platform\2.3.1-1.5.9\artoolkitplus-platform-2.3.1-1.5.9.jar;C:\Users\ttk08\.m2\repository\org\bytedeco\artoolkitplus\2.3.1-1.5.9\artoolkitplus-2.3.1-1.5.9-android-arm.jar;C:\Users\ttk08\.m2\repository\org\bytedeco\artoolkitplus\2.3.1-1.5.9\artoolkitplus-2.3.1-1.5.9-android-arm64.jar;C:\Users\ttk08\.m2\repository\org\bytedeco\artoolkitplus\2.3.1-1.5.9\artoolkitplus-2.3.1-1.5.9-android-x86.jar;C:\Users\ttk08\.m2\repository\org\bytedeco\artoolkitplus\2.3.1-1.5.9\artoolkitplus-2.3.1-1.5.9-android-x86_64.jar;C:\Users\ttk08\.m2\repository\org\bytedeco\artoolkitplus\2.3.1-1.5.9\artoolkitplus-2.3.1-1.5.9-linux-x86.jar;C:\Users\ttk08\.m2\repository\org\bytedeco\artoolkitplus\2.3.1-1.5.9\artoolkitplus-2.3.1-1.5.9-linux-x86_64.jar;C:\Users\ttk08\.m2\repository\org\bytedeco\artoolkitplus\2.3.1-1.5.9\artoolkitplus-2.3.1-1.5.9-linux-armhf.jar;C:\Users\ttk08\.m2\repository\org\bytedeco\artoolkitplus\2.3.1-1.5.9\artoolkitplus-2.3.1-1.5.9-linux-arm64.jar;C:\Users\ttk08\.m2\repository\org\bytedeco\artoolkitplus\2.3.1-1.5.9\artoolkitplus-2.3.1-1.5.9-linux-ppc64le.jar;C:\Users\ttk08\.m2\repository\org\bytedeco\artoolkitplus\2.3.1-1.5.9\artoolkitplus-2.3.1-1.5.9-macosx-x86_64.jar;C:\Users\ttk08\.m2\repository\org\bytedeco\artoolkitplus\2.3.1-1.5.9\artoolkitplus-2.3.1-1.5.9-windows-x86.jar;C:\Users\ttk08\.m2\repository\org\bytedeco\artoolkitplus\2.3.1-1.5.9\artoolkitplus-2.3.1-1.5.9-windows-x86_64.jar;C:\Users\ttk08\.m2\repository\org\bytedeco\leptonica-platform\1.85.0-1.5.11\leptonica-platform-1.85.0-1.5.11.jar;C:\Users\ttk08\.m2\repository\org\bytedeco\leptonica\1.85.0-1.5.11\leptonica-1.85.0-1.5.11-android-arm64.jar;C:\Users\ttk08\.m2\repository\org\bytedeco\leptonica\1.85.0-1.5.11\leptonica-1.85.0-1.5.11-android-x86_64.jar;C:\Users\ttk08\.m2\repository\org\bytedeco\leptonica\1.85.0-1.5.11\leptonica-1.85.0-1.5.11-linux-x86_64.jar;C:\Users\ttk08\.m2\repository\org\bytedeco\leptonica\1.85.0-1.5.11\leptonica-1.85.0-1.5.11-linux-arm64.jar;C:\Users\ttk08\.m2\repository\org\bytedeco\leptonica\1.85.0-1.5.11\leptonica-1.85.0-1.5.11-macosx-arm64.jar;C:\Users\ttk08\.m2\repository\org\bytedeco\leptonica\1.85.0-1.5.11\leptonica-1.85.0-1.5.11-macosx-x86_64.jar;C:\Users\ttk08\.m2\repository\org\bytedeco\leptonica\1.85.0-1.5.11\leptonica-1.85.0-1.5.11-windows-x86_64.jar;C:\Users\ttk08\.m2\repository\org\bytedeco\tesseract-platform\5.5.0-1.5.11\tesseract-platform-5.5.0-1.5.11.jar;C:\Users\ttk08\.m2\repository\org\bytedeco\tesseract\5.5.0-1.5.11\tesseract-5.5.0-1.5.11-android-arm64.jar;C:\Users\ttk08\.m2\repository\org\bytedeco\tesseract\5.5.0-1.5.11\tesseract-5.5.0-1.5.11-android-x86_64.jar;C:\Users\ttk08\.m2\repository\org\bytedeco\tesseract\5.5.0-1.5.11\tesseract-5.5.0-1.5.11-linux-x86_64.jar;C:\Users\ttk08\.m2\repository\org\bytedeco\tesseract\5.5.0-1.5.11\tesseract-5.5.0-1.5.11-linux-arm64.jar;C:\Users\ttk08\.m2\repository\org\bytedeco\tesseract\5.5.0-1.5.11\tesseract-5.5.0-1.5.11-macosx-arm64.jar;C:\Users\ttk08\.m2\repository\org\bytedeco\tesseract\5.5.0-1.5.11\tesseract-5.5.0-1.5.11-macosx-x86_64.jar;C:\Users\ttk08\.m2\repository\org\bytedeco\tesseract\5.5.0-1.5.11\tesseract-5.5.0-1.5.11-windows-x86_64.jar;C:\Users\ttk08\.m2\repository\com\google\oauth-client\google-oauth-client-jetty\1.36.0\google-oauth-client-jetty-1.36.0.jar;C:\Users\ttk08\.m2\repository\com\google\oauth-client\google-oauth-client-java6\1.36.0\google-oauth-client-java6-1.36.0.jar;C:\Users\ttk08\.m2\repository\com\google\oauth-client\google-oauth-client\1.36.0\google-oauth-client-1.36.0.jar;C:\Users\ttk08\.m2\repository\com\google\http-client\google-http-client\1.43.3\google-http-client-1.43.3.jar;C:\Users\ttk08\.m2\repository\org\apache\httpcomponents\httpcore\4.4.16\httpcore-4.4.16.jar;C:\Users\ttk08\.m2\repository\io\opencensus\opencensus-api\0.31.1\opencensus-api-0.31.1.jar;C:\Users\ttk08\.m2\repository\io\grpc\grpc-context\1.27.2\grpc-context-1.27.2.jar;C:\Users\ttk08\.m2\repository\io\opencensus\opencensus-contrib-http-util\0.31.1\opencensus-contrib-http-util-0.31.1.jar;C:\Users\ttk08\.m2\repository\com\google\api\client\google-api-client\1.4.1-beta\google-api-client-1.4.1-beta.jar;C:\Users\ttk08\.m2\repository\com\google\code\findbugs\jsr305\1.3.9\jsr305-1.3.9.jar;C:\Users\ttk08\.m2\repository\org\apache\httpcomponents\httpclient\4.0.3\httpclient-4.0.3.jar;C:\Users\ttk08\.m2\repository\commons-logging\commons-logging\1.1.1\commons-logging-1.1.1.jar;C:\Users\ttk08\.m2\repository\commons-codec\commons-codec\1.3\commons-codec-1.3.jar;C:\Users\ttk08\.m2\repository\org\codehaus\jackson\jackson-core-asl\1.6.7\jackson-core-asl-1.6.7.jar;C:\Users\ttk08\.m2\repository\xpp3\xpp3\1.1.4c\xpp3-1.1.4c.jar;C:\Users\ttk08\.m2\repository\com\google\apis\google-api-services-books\v1-rev20240214-2.0.0\google-api-services-books-v1-rev20240214-2.0.0.jar;C:\Users\ttk08\.m2\repository\com\google\api-client\google-api-client\2.2.0\google-api-client-2.2.0.jar;C:\Users\ttk08\.m2\repository\com\google\http-client\google-http-client-gson\1.42.3\google-http-client-gson-1.42.3.jar;C:\Users\ttk08\.m2\repository\com\google\http-client\google-http-client-apache-v2\1.42.3\google-http-client-apache-v2-1.42.3.jar;C:\Users\ttk08\.m2\repository\org\openjfx\javafx-controls\17.0.1\javafx-controls-17.0.1.jar;C:\Users\ttk08\.m2\repository\org\openjfx\javafx-controls\17.0.1\javafx-controls-17.0.1-win.jar;C:\Users\ttk08\.m2\repository\org\openjfx\javafx-fxml\17.0.1\javafx-fxml-17.0.1.jar;C:\Users\ttk08\.m2\repository\org\openjfx\javafx-fxml\17.0.1\javafx-fxml-17.0.1-win.jar;C:\Users\ttk08\.m2\repository\junit\junit\4.13.2\junit-4.13.2.jar;C:\Users\ttk08\.m2\repository\org\hamcrest\hamcrest-core\1.3\hamcrest-core-1.3.jar;C:\Users\ttk08\.m2\repository\org\apache\commons\commons-lang3\3.12.0\commons-lang3-3.12.0.jar;C:\Users\ttk08\.m2\repository\com\google\guava\guava\32.0.1-jre\guava-32.0.1-jre.jar;C:\Users\ttk08\.m2\repository\com\google\guava\failureaccess\1.0.1\failureaccess-1.0.1.jar;C:\Users\ttk08\.m2\repository\com\google\guava\listenablefuture\9999.0-empty-to-avoid-conflict-with-guava\listenablefuture-9999.0-empty-to-avoid-conflict-with-guava.jar;C:\Users\ttk08\.m2\repository\org\checkerframework\checker-qual\3.33.0\checker-qual-3.33.0.jar;C:\Users\ttk08\.m2\repository\com\google\errorprone\error_prone_annotations\2.18.0\error_prone_annotations-2.18.0.jar;C:\Users\ttk08\.m2\repository\com\google\j2objc\j2objc-annotations\2.8\j2objc-annotations-2.8.jar;C:\Users\ttk08\.m2\repository\com\mysql\mysql-connector-j\8.0.33\mysql-connector-j-8.0.33.jar;C:\Users\ttk08\.m2\repository\com\google\protobuf\protobuf-java\3.21.9\protobuf-java-3.21.9.jar;C:\Users\ttk08\.m2\repository\com\google\code\gson\gson\2.10.1\gson-2.10.1.jar;"/>
    <property name="sun.cpu.endian" value="little"/>
    <property name="user.home" value="C:\Users\ttk08"/>
    <property name="user.language" value="en"/>
    <property name="java.specification.vendor" value="Oracle Corporation"/>
    <property name="java.version.date" value="2025-01-21"/>
    <property name="java.home" value="C:\Program Files\Java\jdk-23"/>
    <property name="file.separator" value="\"/>
    <property name="basedir" value="d:\MyWorks\codingRepos\LibaryManagerment_OOP_JavaFX_project"/>
    <property name="java.vm.compressedOopsMode" value="Zero based"/>
    <property name="line.separator" value="&#10;"/>
    <property name="java.vm.specification.vendor" value="Oracle Corporation"/>
    <property name="java.specification.name" value="Java Platform API Specification"/>
    <property name="surefire.real.class.path" value="C:\Users\ttk08\AppData\Local\Temp\surefire17475697380578947471\surefirebooter-20250402193931819_3.jar"/>
    <property name="user.script" value=""/>
    <property name="sun.management.compiler" value="HotSpot 64-Bit Tiered Compilers"/>
    <property name="java.runtime.version" value="23.0.2+7-58"/>
    <property name="user.name" value="ttk08"/>
    <property name="stdout.encoding" value="Cp1252"/>
    <property name="path.separator" value=";"/>
    <property name="os.version" value="10.0"/>
    <property name="java.runtime.name" value="Java(TM) SE Runtime Environment"/>
    <property name="file.encoding" value="UTF-8"/>
    <property name="java.vm.name" value="Java HotSpot(TM) 64-Bit Server VM"/>
    <property name="localRepository" value="C:\Users\ttk08\.m2\repository"/>
    <property name="java.vendor.url.bug" value="https://bugreport.java.com/bugreport/"/>
    <property name="java.io.tmpdir" value="C:\Users\ttk08\AppData\Local\Temp\"/>
    <property name="java.version" value="23.0.2"/>
    <property name="user.dir" value="d:\MyWorks\codingRepos\LibaryManagerment_OOP_JavaFX_project"/>
    <property name="os.arch" value="amd64"/>
    <property name="java.vm.specification.name" value="Java Virtual Machine Specification"/>
    <property name="sun.os.patch.level" value=""/>
    <property name="native.encoding" value="Cp1252"/>
    <property name="java.library.path" value="C:\Program Files\Java\jdk-23\bin;C:\WINDOWS\Sun\Java\bin;C:\WINDOWS\system32;C:\WINDOWS;C:\Program Files\Common Files\Oracle\Java\javapath;C:\Program Files (x86)\VMware\VMware Workstation\bin\;C:\WINDOWS\system32;C:\WINDOWS;C:\WINDOWS\System32\Wbem;C:\WINDOWS\System32\WindowsPowerShell\v1.0\;C:\WINDOWS\System32\OpenSSH\;C:\Program Files (x86)\Windows Kits\10\Windows Performance Toolkit\;C:\Program Files\NVIDIA Corporation\NVIDIA app\NvDLISR;C:\Program Files (x86)\NVIDIA Corporation\PhysX\Common;C:\Program Files\Cloudflare\Cloudflare WARP\;C:\Program Files\Git\cmd;C:\Users\ttk08\AppData\Local\Microsoft\WindowsApps;C:\Users\ttk08\AppData\Local\Programs\Microsoft VS Code\bin;C:\apache-maven-3.9.9-bin\apache-maven-3.9.9\bin;C:\Program Files\MySQL\MySQL Server 8.0\bin;C:\msys64\ucrt64\bin;;c:\Users\ttk08\AppData\Roaming\Code\User\globalStorage\github.copilot-chat\debugCommand;."/>
    <property name="java.vm.info" value="mixed mode, sharing"/>
    <property name="stderr.encoding" value="Cp1252"/>
    <property name="java.vendor" value="Oracle Corporation"/>
    <property name="java.vm.version" value="23.0.2+7-58"/>
    <property name="sun.io.unicode.encoding" value="UnicodeLittle"/>
    <property name="java.class.version" value="67.0"/>
  </properties>
  <testcase name="testGettersAndSetters" classname="model.BorrowTest" time="0.0"/>
  <testcase name="testBorrowCreation" classname="model.BorrowTest" time="0.0"/>
  <testcase name="testBorrowWithID" classname="model.BorrowTest" time="0.0"/>
  <testcase name="testSetStatus" classname="model.BorrowTest" time="0.0"/>
</testsuite>